<?xml version="1.0" encoding="utf-8"?><testsuites name="pytest tests"><testsuite name="pytest" errors="0" failures="0" skipped="0" tests="15" time="28.567" timestamp="2026-07-18T20:49:01.961243+00:00" hostname="agent-env-b20ebcba-67ef-4e66-b56f-10a97fb0984b"><testcase classname="tests.test_iteration2.TestCompare" name="test_compare_rejects_less_than_2_models" time="0.203" /><testcase classname="tests.test_iteration2.TestCompare" name="test_compare_rejects_more_than_4" time="0.051" /><testcase classname="tests.test_iteration2.TestCompare" name="test_compare_3_models_parallel_all_ok" time="3.175" /><testcase classname="tests.test_iteration2.TestSessions" name="test_list_sessions_shape" time="2.651" /><testcase classname="tests.test_iteration2.TestSessions" name="test_get_session_history" time="0.054" /><testcase classname="tests.test_iteration2.TestSessions" name="test_delete_session" time="5.282" /><testcase classname="tests.test_iteration2.TestSSEStream" name="test_stream_emits_meta_tokens_done" time="2.663" /><testcase classname="tests.test_iteration2.TestSSEStream" name="test_stream_persists_to_mongo" time="15.228" /><testcase classname="tests.test_iteration2.TestImageGeneration" name="test_gpt_image_1_real_bytes" time="13.482" /><testcase classname="tests.test_iteration2.TestRegression" name="test_models_endpoint_still_5" time="0.054" /><testcase classname="tests.test_iteration2.TestRegression" name="test_orchestrate_400_on_empty" time="0.041" /><testcase classname="tests.test_iteration2.TestOrchestratePersistence" name="test_orchestrate_creates_message_row" time="2.722" /><testcase classname="tests.test_iteration2.TestImageGeneration" name="test_nano_banana_auto_route" time="6.474" /><testcase classname="tests.test_iteration2.TestMultiTurn" name="test_multi_turn_context_reference" time="2.371" /><testcase classname="tests.test_iteration2.TestVersion" name="test_root_version_is_1_1_0" time="0.050" /></testsuite></testsuites>