<?xml version="1.0" encoding="utf-8"?><testsuites name="pytest tests"><testsuite name="pytest" errors="0" failures="0" skipped="0" tests="18" time="14.134" timestamp="2026-07-18T21:22:59.413313+00:00" hostname="agent-env-b20ebcba-67ef-4e66-b56f-10a97fb0984b"><testcase classname="tests.test_iteration4.TestRegression" name="test_models_still_5" time="0.254" /><testcase classname="tests.test_iteration4.TestGridFSMigration" name="test_image_persisted_as_gridfs_ref_not_inline" time="6.928" /><testcase classname="tests.test_iteration4.TestRegression" name="test_orchestrate_still_400_on_empty" time="0.118" /><testcase classname="tests.test_iteration4.TestRegression" name="test_sessions_endpoint" time="0.065" /><testcase classname="tests.test_iteration4.TestRegression" name="test_compare_still_ok" time="4.690" /><testcase classname="tests.test_iteration4.TestRecipes" name="test_recipes_endpoint_shape" time="0.042" /><testcase classname="tests.test_iteration4.TestRecipes" name="test_recipe_ids_include_core_set" time="0.044" /><testcase classname="tests.test_iteration4.TestCostLatencyResponse" name="test_orchestrate_response_includes_cost_and_latency" time="1.484" /><testcase classname="tests.test_iteration4.TestCostLatencyResponse" name="test_gemini_cheaper_than_gpt52" time="1.571" /><testcase classname="tests.test_iteration4.TestGridFSMigration" name="test_delete_session_cleans_gridfs" time="6.358" /><testcase classname="tests.test_iteration4.TestTelemetry" name="test_telemetry_shape" time="0.045" /><testcase classname="tests.test_iteration4.TestTelemetry" name="test_telemetry_reflects_new_request" time="2.834" /><testcase classname="tests.test_iteration4.TestVersion" name="test_root_version_1_3_0" time="0.041" /><testcase classname="tests.test_iteration4.TestStreamDone" name="test_stream_done_carries_cost_and_latency" time="1.701" /><testcase classname="tests.test_iteration4.TestConsolidatedClient" name="test_single_client_in_db_module" time="0.001" /><testcase classname="tests.test_iteration4.TestGridFSMigration" name="test_backward_compat_inline_data_url_still_hydrates" time="0.056" /><testcase classname="tests.test_iteration4.TestLifespan" name="test_no_on_event_in_server_py" time="0.000" /><testcase classname="tests.test_iteration4.TestLifespan" name="test_backend_logs_have_no_on_event_deprecation" time="0.021" /></testsuite></testsuites>