<?xml version="1.0" encoding="utf-8"?><testsuites name="pytest tests"><testsuite name="pytest" errors="0" failures="0" skipped="0" tests="13" time="13.039" timestamp="2026-07-18T21:04:23.327893+00:00" hostname="agent-env-b20ebcba-67ef-4e66-b56f-10a97fb0984b"><testcase classname="tests.test_iteration3.TestIntentBugFix" name="test_multi_word_phrase_wins_over_single_word" time="0.280" /><testcase classname="tests.test_iteration3.TestRegression" name="test_orchestrate_still_400_on_empty" time="0.253" /><testcase classname="tests.test_iteration3.TestRegression" name="test_sessions_endpoint" time="0.048" /><testcase classname="tests.test_iteration3.TestIntentBugFix" name="test_pure_image_multimodal_still_multimodal_when_files" time="0.086" /><testcase classname="tests.test_iteration3.TestRegression" name="test_models_still_5" time="0.045" /><testcase classname="tests.test_iteration3.TestRegression" name="test_compare_still_ok" time="4.368" /><testcase classname="tests.test_iteration3.TestTranscribe" name="test_transcribe_real_wav" time="0.748" /><testcase classname="tests.test_iteration3.TestTranscribe" name="test_transcribe_rejects_oversize" time="0.869" /><testcase classname="tests.test_iteration3.TestVersion" name="test_root_version_1_2_0" time="0.044" /><testcase classname="tests.test_iteration3.TestStreamWeights" name="test_stream_meta_reflects_weights_override" time="1.566" /><testcase classname="tests.test_iteration3.TestImagePersistence" name="test_image_stored_inline_and_retrievable_via_messages" time="6.228" /><testcase classname="tests.test_iteration3.TestWeightsOverride" name="test_weights_override_prefers_cheap_gemini_for_text" time="2.833" /><testcase classname="tests.test_iteration3.TestWeightsOverride" name="test_default_weights_still_prefer_gpt52_for_reasoning" time="4.988" /></testsuite></testsuites>