<?xml version="1.0" encoding="utf-8"?><testsuites name="pytest tests"><testsuite name="pytest" errors="0" failures="0" skipped="0" tests="14" time="7.618" timestamp="2026-07-18T20:31:20.089424+00:00" hostname="agent-env-b20ebcba-67ef-4e66-b56f-10a97fb0984b"><testcase classname="tests.backend_test.TestIntent" name="test_intent_code_python" time="0.185" /><testcase classname="tests.backend_test.TestOrchestrate" name="test_orchestrate_rejects_empty" time="0.192" /><testcase classname="tests.backend_test.TestIntent" name="test_intent_summarization" time="0.044" /><testcase classname="tests.backend_test.TestOrchestrate" name="test_orchestrate_simple_prompt_real_llm" time="2.396" /><testcase classname="tests.backend_test.TestIntent" name="test_intent_image_generation" time="0.114" /><testcase classname="tests.backend_test.TestIntent" name="test_intent_quick_qa_fallback" time="0.041" /><testcase classname="tests.backend_test.TestRoute" name="test_route_returns_intent_and_selected" time="0.043" /><testcase classname="tests.backend_test.TestRoute" name="test_route_image_generation_selects_image_model" time="0.041" /><testcase classname="tests.backend_test.TestRoute" name="test_route_multimodal_with_files_selects_gemini" time="0.043" /><testcase classname="tests.backend_test.TestRoot" name="test_root_returns_app_info" time="0.045" /><testcase classname="tests.backend_test.TestModels" name="test_models_registry_returns_5_models" time="0.042" /><testcase classname="tests.backend_test.TestOrchestrate" name="test_orchestrate_force_claude" time="1.084" /><testcase classname="tests.backend_test.TestOrchestrate" name="test_orchestrate_image_generation_placeholder" time="0.042" /><testcase classname="tests.backend_test.TestOrchestrate" name="test_orchestrate_pdf_routes_to_gemini" time="3.417" /></testsuite></testsuites>