<?xml version="1.0" encoding="utf-8"?><testsuites name="pytest tests"><testsuite name="pytest" errors="0" failures="2" skipped="0" tests="29" time="48.735" timestamp="2026-07-18T21:04:41.802790+00:00" hostname="agent-env-b20ebcba-67ef-4e66-b56f-10a97fb0984b"><testcase classname="tests.backend_test.TestIntent" name="test_intent_code_python" time="0.151" /><testcase classname="tests.backend_test.TestOrchestrate" name="test_orchestrate_rejects_empty" time="0.137" /><testcase classname="tests.backend_test.TestOrchestrate" name="test_orchestrate_simple_prompt_real_llm" time="1.929" /><testcase classname="tests.backend_test.TestIntent" name="test_intent_summarization" time="0.045" /><testcase classname="tests.backend_test.TestIntent" name="test_intent_image_generation" time="0.047" /><testcase classname="tests.backend_test.TestIntent" name="test_intent_quick_qa_fallback" time="0.044" /><testcase classname="tests.backend_test.TestRoute" name="test_route_returns_intent_and_selected" time="0.045" /><testcase classname="tests.backend_test.TestRoute" name="test_route_image_generation_selects_image_model" time="0.045" /><testcase classname="tests.backend_test.TestRoute" name="test_route_multimodal_with_files_selects_gemini" time="0.046" /><testcase classname="tests.backend_test.TestOrchestrate" name="test_orchestrate_force_claude" time="1.523" /><testcase classname="tests.test_iteration2.TestSessions" name="test_list_sessions_shape" time="2.342" /><testcase classname="tests.test_iteration2.TestSessions" name="test_get_session_history" time="0.047" /><testcase classname="tests.test_iteration2.TestSessions" name="test_delete_session" time="5.025" /><testcase classname="tests.backend_test.TestOrchestrate" name="test_orchestrate_image_generation_placeholder" time="6.886"><failure message="AssertionError: assert 'Modello selezionato' in 'Immagine generata.'">tests/backend_test.py:166: in test_orchestrate_image_generation_placeholder
    assert "Modello selezionato" in d["result"]
E   AssertionError: assert 'Modello selezionato' in 'Immagine generata.'</failure></testcase><testcase classname="tests.test_iteration2.TestCompare" name="test_compare_rejects_less_than_2_models" time="0.045" /><testcase classname="tests.test_iteration2.TestCompare" name="test_compare_rejects_more_than_4" time="0.044" /><testcase classname="tests.test_iteration2.TestCompare" name="test_compare_3_models_parallel_all_ok" time="3.312" /><testcase classname="tests.backend_test.TestOrchestrate" name="test_orchestrate_pdf_routes_to_gemini" time="13.910" /><testcase classname="tests.test_iteration2.TestImageGeneration" name="test_gpt_image_1_real_bytes" time="13.282" /><testcase classname="tests.test_iteration2.TestSSEStream" name="test_stream_emits_meta_tokens_done" time="1.946" /><testcase classname="tests.test_iteration2.TestImageGeneration" name="test_nano_banana_auto_route" time="6.382" /><testcase classname="tests.test_iteration2.TestSSEStream" name="test_stream_persists_to_mongo" time="2.553" /><testcase classname="tests.backend_test.TestRoot" name="test_root_returns_app_info" time="0.116" /><testcase classname="tests.backend_test.TestModels" name="test_models_registry_returns_5_models" time="0.053" /><testcase classname="tests.test_iteration2.TestVersion" name="test_root_version_is_1_1_0" time="0.136"><failure message="AssertionError: Expected 1.1.0 got 1.2.0&#10;assert '1.2.0' == '1.1.0'&#10;  &#10;  - 1.1.0&#10;  ?   ^&#10;  + 1.2.0&#10;  ?   ^">tests/test_iteration2.py:42: in test_root_version_is_1_1_0
    assert d["version"] == "1.1.0", f"Expected 1.1.0 got {d.get('version')}"
E   AssertionError: Expected 1.1.0 got 1.2.0
E   assert '1.2.0' == '1.1.0'
E     
E     - 1.1.0
E     ?   ^
E     + 1.2.0
E     ?   ^</failure></testcase><testcase classname="tests.test_iteration2.TestOrchestratePersistence" name="test_orchestrate_creates_message_row" time="16.518" /><testcase classname="tests.test_iteration2.TestRegression" name="test_models_endpoint_still_5" time="0.048" /><testcase classname="tests.test_iteration2.TestRegression" name="test_orchestrate_400_on_empty" time="0.042" /><testcase classname="tests.test_iteration2.TestMultiTurn" name="test_multi_turn_context_reference" time="2.520" /></testsuite></testsuites>